Started GET "/" for ::1 at 2025-09-02 22:56:11 -0500
  [1m[35m (5.3ms)[0m  [1m[35mCREATE TABLE "schema_migrations" ("version" varchar NOT NULL PRIMARY KEY) /*application='DandelionData'*/[0m
  [1m[35m (0.4ms)[0m  [1m[35mCREATE TABLE "ar_internal_metadata" ("key" varchar NOT NULL PRIMARY KEY, "value" varchar, "created_at" datetime(6) NOT NULL, "updated_at" datetime(6) NOT NULL) /*application='DandelionData'*/[0m
  [1m[36mActiveRecord::SchemaMigration Load (0.3ms)[0m  [1m[34mSELECT "schema_migrations"."version" FROM "schema_migrations" ORDER BY "schema_migrations"."version" ASC /*application='DandelionData'*/[0m
Processing by HomeController#index as HTML
  Rendering layout layouts/application.html.erb
  Rendering home/index.html.erb within layouts/application
  Rendered home/index.html.erb within layouts/application (Duration: 0.7ms | GC: 0.0ms)
  Rendered layout layouts/application.html.erb (Duration: 47.1ms | GC: 13.8ms)
Completed 200 OK in 385ms (Views: 63.6ms | ActiveRecord: 0.0ms (0 queries, 0 cached) | GC: 13.8ms)


Started GET "/assets/application-bfcdf840.js" for ::1 at 2025-09-02 22:56:12 -0500
Started GET "/assets/turbo.min-3a2e143f.js" for ::1 at 2025-09-02 22:56:12 -0500
Started GET "/assets/application-8b441ae0.css" for ::1 at 2025-09-02 22:56:12 -0500
Started GET "/assets/controllers/application-3affb389.js" for ::1 at 2025-09-02 22:56:12 -0500
Started GET "/assets/controllers/hello_controller-708796bd.js" for ::1 at 2025-09-02 22:56:12 -0500
Started GET "/assets/controllers/index-ee64e1f1.js" for ::1 at 2025-09-02 22:56:12 -0500
Started GET "/assets/tailwind-df0fa769.css" for ::1 at 2025-09-02 22:56:13 -0500
Started GET "/assets/stimulus.min-4b1e420e.js" for ::1 at 2025-09-02 22:56:13 -0500
Started GET "/assets/stimulus-loading-1fc53fe7.js" for ::1 at 2025-09-02 22:56:13 -0500
Started GET "/" for ::1 at 2025-09-02 23:01:03 -0500
Processing by HomeController#index as HTML
  Rendering layout layouts/application.html.erb
  Rendering home/index.html.erb within layouts/application
  Rendered home/index.html.erb within layouts/application (Duration: 0.6ms | GC: 0.0ms)
  Rendered layout layouts/application.html.erb (Duration: 27.7ms | GC: 0.0ms)
Completed 200 OK in 104ms (Views: 29.8ms | ActiveRecord: 0.0ms (0 queries, 0 cached) | GC: 0.0ms)


Started GET "/" for ::1 at 2025-09-02 23:04:58 -0500
Processing by HomeController#index as HTML
  Rendering layout layouts/application.html.erb
  Rendering home/index.html.erb within layouts/application
  Rendered home/index.html.erb within layouts/application (Duration: 1.9ms | GC: 0.0ms)
  Rendered layout layouts/application.html.erb (Duration: 7.0ms | GC: 0.0ms)
Completed 200 OK in 84ms (Views: 9.9ms | ActiveRecord: 0.0ms (0 queries, 0 cached) | GC: 0.7ms)


Started GET "/" for ::1 at 2025-09-02 23:05:59 -0500
Processing by HomeController#index as HTML
  Rendering layout layouts/application.html.erb
  Rendering home/index.html.erb within layouts/application
  Rendered home/index.html.erb within layouts/application (Duration: 0.1ms | GC: 0.0ms)
  Rendered layout layouts/application.html.erb (Duration: 2.0ms | GC: 0.4ms)
Completed 200 OK in 72ms (Views: 2.5ms | ActiveRecord: 0.0ms (0 queries, 0 cached) | GC: 0.4ms)


Started GET "/Dandelion_Research_Featuring_RUBY" for ::1 at 2025-09-02 23:07:53 -0500
Processing by HomeController#index as HTML
  Rendering layout layouts/application.html.erb
  Rendering home/index.html.erb within layouts/application
  Rendered home/index.html.erb within layouts/application (Duration: 0.6ms | GC: 0.0ms)
  Rendered layout layouts/application.html.erb (Duration: 4.4ms | GC: 0.0ms)
Completed 200 OK in 100ms (Views: 6.9ms | ActiveRecord: 0.0ms (0 queries, 0 cached) | GC: 0.0ms)


